Grammaire

    0 $accept: Program $end

    1 $@1: /* vide */

    2 Program: tINT tMAIN $@1 tOP tCP Body
    3        | tVOID tMAIN tOP tCP Body

    4 Type: tINT
    5     | tFLOAT
    6     | tVOID
    7     | tCHAR

    8 Body: tOB Instruction tCB

    9 Expression: tINT_VAL
   10           | tFLOAT_VAL
   11           | tCHAR_VAL
   12           | Expression tPLUS Expression
   13           | Expression tMOINS Expression
   14           | Expression tFOIS Expression
   15           | Expression tDIVISE Expression
   16           | Expression tCOMPARAISON Expression
   17           | Expression tINFSTRICT Expression
   18           | Expression tSUPSTRICT Expression
   19           | Expression tSUPEGAL Expression
   20           | Expression tINFEGAL Expression
   21           | Expression tDIFF Expression
   22           | tNOT Expression
   23           | tMOINS Expression
   24           | tOP Expression tCP
   25           | tVAR

   26 $@2: /* vide */

   27 Liste: tVAR tCOMMA $@2 Liste

   28 $@3: /* vide */

   29 Liste: tVAR tVIRG $@3 Instruction

   30 $@4: /* vide */

   31 $@5: /* vide */

   32 If: tIF tOP $@4 Expression tCP $@5 Body

   33 $@6: /* vide */

   34 Else: tELSE $@6 Body

   35 $@7: /* vide */

   36 $@8: /* vide */

   37 Instruction: tVAR tPLUS tPLUS tVIRG $@7 $@8 Instruction

   38 $@9: /* vide */

   39 $@10: /* vide */

   40 Instruction: tVAR tMOINS tMOINS tVIRG $@9 $@10 Instruction

   41 $@11: /* vide */

   42 $@12: /* vide */

   43 Instruction: Type tVAR tEGAL $@11 Expression tVIRG $@12 Instruction

   44 $@13: /* vide */

   45 $@14: /* vide */

   46 Instruction: Type tCONST tVAR tEGAL $@13 Expression tVIRG $@14 Instruction

   47 $@15: /* vide */

   48 $@16: /* vide */

   49 Instruction: tCONST Type tVAR tEGAL $@15 Expression tVIRG $@16 Instruction

   50 $@17: /* vide */

   51 Instruction: Type tVAR tVIRG $@17 Instruction

   52 $@18: /* vide */

   53 Instruction: Type tVAR tCOMMA $@18 Liste

   54 $@19: /* vide */

   55 $@20: /* vide */

   56 Instruction: tVAR tEGAL $@19 Expression tVIRG $@20 Instruction
   57            | If Else Instruction
   58            | If Instruction

   59 $@21: /* vide */

   60 $@22: /* vide */

   61 Instruction: tDO $@21 Body tWHILE tOP Expression tCP $@22 tVIRG Instruction

   62 $@23: /* vide */

   63 Instruction: tPRINTF tOP tVAR $@23 tCP tVIRG Instruction

   64 @24: /* vide */

   65 Instruction: tRETURN tVAR tVIRG @24 Instruction

   66 @25: /* vide */

   67 Instruction: tRETURN tINT_VAL tVIRG @25 Instruction
   68            | /* vide */


Terminaux, suivis des règles où ils apparaissent

$end (0) 0
error (256)
tCOMMA (258) 27 53
tIF (259) 32
tELSE (260) 34
tDO (261) 61
tWHILE (262) 61
tOP (263) 2 3 24 32 61 63
tCP (264) 2 3 24 32 61 63
tOB (265) 8
tCB (266) 8
tVAR (267) 25 27 29 37 40 43 46 49 51 53 56 63 65
tINT (268) 2 4
tVOID (269) 3 6
tCHAR (270) 7
tFLOAT (271) 5
tVIRG (272) 29 37 40 43 46 49 51 56 61 63 65 67
tMAIN (273) 2 3
tCONST (274) 46 49
tINT_VAL (275) 9 67
tFLOAT_VAL (276) 10
tCHAR_VAL (277) 11
tRETURN (278) 65 67
tPRINTF (279) 63
tMOINS (280) 13 23 40
tPLUS (281) 12 37
tDIVISE (282) 15
tFOIS (283) 14
tNEG (284)
tSUPSTRICT (285) 18
tINFSTRICT (286) 17
tCOMPARAISON (287) 16
tDIFF (288) 21
tINFEGAL (289) 20
tSUPEGAL (290) 19
tEGAL (291) 43 46 49 56
tNOT (292) 22


Non-terminaux, suivis des règles où ils apparaissent

$accept (38)
    à gauche: 0
Program (39)
    à gauche: 2 3, à droite: 0
$@1 (40)
    à gauche: 1, à droite: 2
Type (41)
    à gauche: 4 5 6 7, à droite: 43 46 49 51 53
Body (42)
    à gauche: 8, à droite: 2 3 32 34 61
Expression (43)
    à gauche: 9 10 11 12 13 14 15 16 17 18 19 20 21 22 23 24 25, à droite:
    12 13 14 15 16 17 18 19 20 21 22 23 24 32 43 46 49 56 61
Liste (44)
    à gauche: 27 29, à droite: 27 53
$@2 (45)
    à gauche: 26, à droite: 27
$@3 (46)
    à gauche: 28, à droite: 29
If (47)
    à gauche: 32, à droite: 57 58
$@4 (48)
    à gauche: 30, à droite: 32
$@5 (49)
    à gauche: 31, à droite: 32
Else (50)
    à gauche: 34, à droite: 57
$@6 (51)
    à gauche: 33, à droite: 34
Instruction (52)
    à gauche: 37 40 43 46 49 51 53 56 57 58 61 63 65 67 68, à droite:
    8 29 37 40 43 46 49 51 56 57 58 61 63 65 67
$@7 (53)
    à gauche: 35, à droite: 37
$@8 (54)
    à gauche: 36, à droite: 37
$@9 (55)
    à gauche: 38, à droite: 40
$@10 (56)
    à gauche: 39, à droite: 40
$@11 (57)
    à gauche: 41, à droite: 43
$@12 (58)
    à gauche: 42, à droite: 43
$@13 (59)
    à gauche: 44, à droite: 46
$@14 (60)
    à gauche: 45, à droite: 46
$@15 (61)
    à gauche: 47, à droite: 49
$@16 (62)
    à gauche: 48, à droite: 49
$@17 (63)
    à gauche: 50, à droite: 51
$@18 (64)
    à gauche: 52, à droite: 53
$@19 (65)
    à gauche: 54, à droite: 56
$@20 (66)
    à gauche: 55, à droite: 56
$@21 (67)
    à gauche: 59, à droite: 61
$@22 (68)
    à gauche: 60, à droite: 61
$@23 (69)
    à gauche: 62, à droite: 63
@24 (70)
    à gauche: 64, à droite: 65
@25 (71)
    à gauche: 66, à droite: 67


état 0

    0 $accept: . Program $end

    tINT   décalage et aller à l'état 1
    tVOID  décalage et aller à l'état 2

    Program  aller à l'état 3


état 1

    2 Program: tINT . tMAIN $@1 tOP tCP Body

    tMAIN  décalage et aller à l'état 4


état 2

    3 Program: tVOID . tMAIN tOP tCP Body

    tMAIN  décalage et aller à l'état 5


état 3

    0 $accept: Program . $end

    $end  décalage et aller à l'état 6


état 4

    2 Program: tINT tMAIN . $@1 tOP tCP Body

    $défaut  réduction par utilisation de la règle 1 ($@1)

    $@1  aller à l'état 7


état 5

    3 Program: tVOID tMAIN . tOP tCP Body

    tOP  décalage et aller à l'état 8


état 6

    0 $accept: Program $end .

    $défaut  accepter


état 7

    2 Program: tINT tMAIN $@1 . tOP tCP Body

    tOP  décalage et aller à l'état 9


état 8

    3 Program: tVOID tMAIN tOP . tCP Body

    tCP  décalage et aller à l'état 10


état 9

    2 Program: tINT tMAIN $@1 tOP . tCP Body

    tCP  décalage et aller à l'état 11


état 10

    3 Program: tVOID tMAIN tOP tCP . Body

    tOB  décalage et aller à l'état 12

    Body  aller à l'état 13


état 11

    2 Program: tINT tMAIN $@1 tOP tCP . Body

    tOB  décalage et aller à l'état 12

    Body  aller à l'état 14


état 12

    8 Body: tOB . Instruction tCB

    tIF      décalage et aller à l'état 15
    tDO      décalage et aller à l'état 16
    tVAR     décalage et aller à l'état 17
    tINT     décalage et aller à l'état 18
    tVOID    décalage et aller à l'état 19
    tCHAR    décalage et aller à l'état 20
    tFLOAT   décalage et aller à l'état 21
    tCONST   décalage et aller à l'état 22
    tRETURN  décalage et aller à l'état 23
    tPRINTF  décalage et aller à l'état 24

    $défaut  réduction par utilisation de la règle 68 (Instruction)

    Type         aller à l'état 25
    If           aller à l'état 26
    Instruction  aller à l'état 27


état 13

    3 Program: tVOID tMAIN tOP tCP Body .

    $défaut  réduction par utilisation de la règle 3 (Program)


état 14

    2 Program: tINT tMAIN $@1 tOP tCP Body .

    $défaut  réduction par utilisation de la règle 2 (Program)


état 15

   32 If: tIF . tOP $@4 Expression tCP $@5 Body

    tOP  décalage et aller à l'état 28


état 16

   61 Instruction: tDO . $@21 Body tWHILE tOP Expression tCP $@22 tVIRG Instruction

    $défaut  réduction par utilisation de la règle 59 ($@21)

    $@21  aller à l'état 29


état 17

   37 Instruction: tVAR . tPLUS tPLUS tVIRG $@7 $@8 Instruction
   40            | tVAR . tMOINS tMOINS tVIRG $@9 $@10 Instruction
   56            | tVAR . tEGAL $@19 Expression tVIRG $@20 Instruction

    tMOINS  décalage et aller à l'état 30
    tPLUS   décalage et aller à l'état 31
    tEGAL   décalage et aller à l'état 32


état 18

    4 Type: tINT .

    $défaut  réduction par utilisation de la règle 4 (Type)


état 19

    6 Type: tVOID .

    $défaut  réduction par utilisation de la règle 6 (Type)


état 20

    7 Type: tCHAR .

    $défaut  réduction par utilisation de la règle 7 (Type)


état 21

    5 Type: tFLOAT .

    $défaut  réduction par utilisation de la règle 5 (Type)


état 22

   49 Instruction: tCONST . Type tVAR tEGAL $@15 Expression tVIRG $@16 Instruction

    tINT    décalage et aller à l'état 18
    tVOID   décalage et aller à l'état 19
    tCHAR   décalage et aller à l'état 20
    tFLOAT  décalage et aller à l'état 21

    Type  aller à l'état 33


état 23

   65 Instruction: tRETURN . tVAR tVIRG @24 Instruction
   67            | tRETURN . tINT_VAL tVIRG @25 Instruction

    tVAR      décalage et aller à l'état 34
    tINT_VAL  décalage et aller à l'état 35


état 24

   63 Instruction: tPRINTF . tOP tVAR $@23 tCP tVIRG Instruction

    tOP  décalage et aller à l'état 36


état 25

   43 Instruction: Type . tVAR tEGAL $@11 Expression tVIRG $@12 Instruction
   46            | Type . tCONST tVAR tEGAL $@13 Expression tVIRG $@14 Instruction
   51            | Type . tVAR tVIRG $@17 Instruction
   53            | Type . tVAR tCOMMA $@18 Liste

    tVAR    décalage et aller à l'état 37
    tCONST  décalage et aller à l'état 38


état 26

   57 Instruction: If . Else Instruction
   58            | If . Instruction

    tIF      décalage et aller à l'état 15
    tELSE    décalage et aller à l'état 39
    tDO      décalage et aller à l'état 16
    tVAR     décalage et aller à l'état 17
    tINT     décalage et aller à l'état 18
    tVOID    décalage et aller à l'état 19
    tCHAR    décalage et aller à l'état 20
    tFLOAT   décalage et aller à l'état 21
    tCONST   décalage et aller à l'état 22
    tRETURN  décalage et aller à l'état 23
    tPRINTF  décalage et aller à l'état 24

    $défaut  réduction par utilisation de la règle 68 (Instruction)

    Type         aller à l'état 25
    If           aller à l'état 26
    Else         aller à l'état 40
    Instruction  aller à l'état 41


état 27

    8 Body: tOB Instruction . tCB

    tCB  décalage et aller à l'état 42


état 28

   32 If: tIF tOP . $@4 Expression tCP $@5 Body

    $défaut  réduction par utilisation de la règle 30 ($@4)

    $@4  aller à l'état 43


état 29

   61 Instruction: tDO $@21 . Body tWHILE tOP Expression tCP $@22 tVIRG Instruction

    tOB  décalage et aller à l'état 12

    Body  aller à l'état 44


état 30

   40 Instruction: tVAR tMOINS . tMOINS tVIRG $@9 $@10 Instruction

    tMOINS  décalage et aller à l'état 45


état 31

   37 Instruction: tVAR tPLUS . tPLUS tVIRG $@7 $@8 Instruction

    tPLUS  décalage et aller à l'état 46


état 32

   56 Instruction: tVAR tEGAL . $@19 Expression tVIRG $@20 Instruction

    $défaut  réduction par utilisation de la règle 54 ($@19)

    $@19  aller à l'état 47


état 33

   49 Instruction: tCONST Type . tVAR tEGAL $@15 Expression tVIRG $@16 Instruction

    tVAR  décalage et aller à l'état 48


état 34

   65 Instruction: tRETURN tVAR . tVIRG @24 Instruction

    tVIRG  décalage et aller à l'état 49


état 35

   67 Instruction: tRETURN tINT_VAL . tVIRG @25 Instruction

    tVIRG  décalage et aller à l'état 50


état 36

   63 Instruction: tPRINTF tOP . tVAR $@23 tCP tVIRG Instruction

    tVAR  décalage et aller à l'état 51


état 37

   43 Instruction: Type tVAR . tEGAL $@11 Expression tVIRG $@12 Instruction
   51            | Type tVAR . tVIRG $@17 Instruction
   53            | Type tVAR . tCOMMA $@18 Liste

    tCOMMA  décalage et aller à l'état 52
    tVIRG   décalage et aller à l'état 53
    tEGAL   décalage et aller à l'état 54


état 38

   46 Instruction: Type tCONST . tVAR tEGAL $@13 Expression tVIRG $@14 Instruction

    tVAR  décalage et aller à l'état 55


état 39

   34 Else: tELSE . $@6 Body

    $défaut  réduction par utilisation de la règle 33 ($@6)

    $@6  aller à l'état 56


état 40

   57 Instruction: If Else . Instruction

    tIF      décalage et aller à l'état 15
    tDO      décalage et aller à l'état 16
    tVAR     décalage et aller à l'état 17
    tINT     décalage et aller à l'état 18
    tVOID    décalage et aller à l'état 19
    tCHAR    décalage et aller à l'état 20
    tFLOAT   décalage et aller à l'état 21
    tCONST   décalage et aller à l'état 22
    tRETURN  décalage et aller à l'état 23
    tPRINTF  décalage et aller à l'état 24

    $défaut  réduction par utilisation de la règle 68 (Instruction)

    Type         aller à l'état 25
    If           aller à l'état 26
    Instruction  aller à l'état 57


état 41

   58 Instruction: If Instruction .

    $défaut  réduction par utilisation de la règle 58 (Instruction)


état 42

    8 Body: tOB Instruction tCB .

    $défaut  réduction par utilisation de la règle 8 (Body)


état 43

   32 If: tIF tOP $@4 . Expression tCP $@5 Body

    tOP         décalage et aller à l'état 58
    tVAR        décalage et aller à l'état 59
    tINT_VAL    décalage et aller à l'état 60
    tFLOAT_VAL  décalage et aller à l'état 61
    tCHAR_VAL   décalage et aller à l'état 62
    tMOINS      décalage et aller à l'état 63
    tNOT        décalage et aller à l'état 64

    Expression  aller à l'état 65


état 44

   61 Instruction: tDO $@21 Body . tWHILE tOP Expression tCP $@22 tVIRG Instruction

    tWHILE  décalage et aller à l'état 66


état 45

   40 Instruction: tVAR tMOINS tMOINS . tVIRG $@9 $@10 Instruction

    tVIRG  décalage et aller à l'état 67


état 46

   37 Instruction: tVAR tPLUS tPLUS . tVIRG $@7 $@8 Instruction

    tVIRG  décalage et aller à l'état 68


état 47

   56 Instruction: tVAR tEGAL $@19 . Expression tVIRG $@20 Instruction

    tOP         décalage et aller à l'état 58
    tVAR        décalage et aller à l'état 59
    tINT_VAL    décalage et aller à l'état 60
    tFLOAT_VAL  décalage et aller à l'état 61
    tCHAR_VAL   décalage et aller à l'état 62
    tMOINS      décalage et aller à l'état 63
    tNOT        décalage et aller à l'état 64

    Expression  aller à l'état 69


état 48

   49 Instruction: tCONST Type tVAR . tEGAL $@15 Expression tVIRG $@16 Instruction

    tEGAL  décalage et aller à l'état 70


état 49

   65 Instruction: tRETURN tVAR tVIRG . @24 Instruction

    $défaut  réduction par utilisation de la règle 64 (@24)

    @24  aller à l'état 71


état 50

   67 Instruction: tRETURN tINT_VAL tVIRG . @25 Instruction

    $défaut  réduction par utilisation de la règle 66 (@25)

    @25  aller à l'état 72


état 51

   63 Instruction: tPRINTF tOP tVAR . $@23 tCP tVIRG Instruction

    $défaut  réduction par utilisation de la règle 62 ($@23)

    $@23  aller à l'état 73


état 52

   53 Instruction: Type tVAR tCOMMA . $@18 Liste

    $défaut  réduction par utilisation de la règle 52 ($@18)

    $@18  aller à l'état 74


état 53

   51 Instruction: Type tVAR tVIRG . $@17 Instruction

    $défaut  réduction par utilisation de la règle 50 ($@17)

    $@17  aller à l'état 75


état 54

   43 Instruction: Type tVAR tEGAL . $@11 Expression tVIRG $@12 Instruction

    $défaut  réduction par utilisation de la règle 41 ($@11)

    $@11  aller à l'état 76


état 55

   46 Instruction: Type tCONST tVAR . tEGAL $@13 Expression tVIRG $@14 Instruction

    tEGAL  décalage et aller à l'état 77


état 56

   34 Else: tELSE $@6 . Body

    tOB  décalage et aller à l'état 12

    Body  aller à l'état 78


état 57

   57 Instruction: If Else Instruction .

    $défaut  réduction par utilisation de la règle 57 (Instruction)


état 58

   24 Expression: tOP . Expression tCP

    tOP         décalage et aller à l'état 58
    tVAR        décalage et aller à l'état 59
    tINT_VAL    décalage et aller à l'état 60
    tFLOAT_VAL  décalage et aller à l'état 61
    tCHAR_VAL   décalage et aller à l'état 62
    tMOINS      décalage et aller à l'état 63
    tNOT        décalage et aller à l'état 64

    Expression  aller à l'état 79


état 59

   25 Expression: tVAR .

    $défaut  réduction par utilisation de la règle 25 (Expression)


état 60

    9 Expression: tINT_VAL .

    $défaut  réduction par utilisation de la règle 9 (Expression)


état 61

   10 Expression: tFLOAT_VAL .

    $défaut  réduction par utilisation de la règle 10 (Expression)


état 62

   11 Expression: tCHAR_VAL .

    $défaut  réduction par utilisation de la règle 11 (Expression)


état 63

   23 Expression: tMOINS . Expression

    tOP         décalage et aller à l'état 58
    tVAR        décalage et aller à l'état 59
    tINT_VAL    décalage et aller à l'état 60
    tFLOAT_VAL  décalage et aller à l'état 61
    tCHAR_VAL   décalage et aller à l'état 62
    tMOINS      décalage et aller à l'état 63
    tNOT        décalage et aller à l'état 64

    Expression  aller à l'état 80


état 64

   22 Expression: tNOT . Expression

    tOP         décalage et aller à l'état 58
    tVAR        décalage et aller à l'état 59
    tINT_VAL    décalage et aller à l'état 60
    tFLOAT_VAL  décalage et aller à l'état 61
    tCHAR_VAL   décalage et aller à l'état 62
    tMOINS      décalage et aller à l'état 63
    tNOT        décalage et aller à l'état 64

    Expression  aller à l'état 81


état 65

   12 Expression: Expression . tPLUS Expression
   13           | Expression . tMOINS Expression
   14           | Expression . tFOIS Expression
   15           | Expression . tDIVISE Expression
   16           | Expression . tCOMPARAISON Expression
   17           | Expression . tINFSTRICT Expression
   18           | Expression . tSUPSTRICT Expression
   19           | Expression . tSUPEGAL Expression
   20           | Expression . tINFEGAL Expression
   21           | Expression . tDIFF Expression
   32 If: tIF tOP $@4 Expression . tCP $@5 Body

    tCP           décalage et aller à l'état 82
    tMOINS        décalage et aller à l'état 83
    tPLUS         décalage et aller à l'état 84
    tDIVISE       décalage et aller à l'état 85
    tFOIS         décalage et aller à l'état 86
    tSUPSTRICT    décalage et aller à l'état 87
    tINFSTRICT    décalage et aller à l'état 88
    tCOMPARAISON  décalage et aller à l'état 89
    tDIFF         décalage et aller à l'état 90
    tINFEGAL      décalage et aller à l'état 91
    tSUPEGAL      décalage et aller à l'état 92


état 66

   61 Instruction: tDO $@21 Body tWHILE . tOP Expression tCP $@22 tVIRG Instruction

    tOP  décalage et aller à l'état 93


état 67

   40 Instruction: tVAR tMOINS tMOINS tVIRG . $@9 $@10 Instruction

    $défaut  réduction par utilisation de la règle 38 ($@9)

    $@9  aller à l'état 94


état 68

   37 Instruction: tVAR tPLUS tPLUS tVIRG . $@7 $@8 Instruction

    $défaut  réduction par utilisation de la règle 35 ($@7)

    $@7  aller à l'état 95


état 69

   12 Expression: Expression . tPLUS Expression
   13           | Expression . tMOINS Expression
   14           | Expression . tFOIS Expression
   15           | Expression . tDIVISE Expression
   16           | Expression . tCOMPARAISON Expression
   17           | Expression . tINFSTRICT Expression
   18           | Expression . tSUPSTRICT Expression
   19           | Expression . tSUPEGAL Expression
   20           | Expression . tINFEGAL Expression
   21           | Expression . tDIFF Expression
   56 Instruction: tVAR tEGAL $@19 Expression . tVIRG $@20 Instruction

    tVIRG         décalage et aller à l'état 96
    tMOINS        décalage et aller à l'état 83
    tPLUS         décalage et aller à l'état 84
    tDIVISE       décalage et aller à l'état 85
    tFOIS         décalage et aller à l'état 86
    tSUPSTRICT    décalage et aller à l'état 87
    tINFSTRICT    décalage et aller à l'état 88
    tCOMPARAISON  décalage et aller à l'état 89
    tDIFF         décalage et aller à l'état 90
    tINFEGAL      décalage et aller à l'état 91
    tSUPEGAL      décalage et aller à l'état 92


état 70

   49 Instruction: tCONST Type tVAR tEGAL . $@15 Expression tVIRG $@16 Instruction

    $défaut  réduction par utilisation de la règle 47 ($@15)

    $@15  aller à l'état 97


état 71

   65 Instruction: tRETURN tVAR tVIRG @24 . Instruction

    tIF      décalage et aller à l'état 15
    tDO      décalage et aller à l'état 16
    tVAR     décalage et aller à l'état 17
    tINT     décalage et aller à l'état 18
    tVOID    décalage et aller à l'état 19
    tCHAR    décalage et aller à l'état 20
    tFLOAT   décalage et aller à l'état 21
    tCONST   décalage et aller à l'état 22
    tRETURN  décalage et aller à l'état 23
    tPRINTF  décalage et aller à l'état 24

    $défaut  réduction par utilisation de la règle 68 (Instruction)

    Type         aller à l'état 25
    If           aller à l'état 26
    Instruction  aller à l'état 98


état 72

   67 Instruction: tRETURN tINT_VAL tVIRG @25 . Instruction

    tIF      décalage et aller à l'état 15
    tDO      décalage et aller à l'état 16
    tVAR     décalage et aller à l'état 17
    tINT     décalage et aller à l'état 18
    tVOID    décalage et aller à l'état 19
    tCHAR    décalage et aller à l'état 20
    tFLOAT   décalage et aller à l'état 21
    tCONST   décalage et aller à l'état 22
    tRETURN  décalage et aller à l'état 23
    tPRINTF  décalage et aller à l'état 24

    $défaut  réduction par utilisation de la règle 68 (Instruction)

    Type         aller à l'état 25
    If           aller à l'état 26
    Instruction  aller à l'état 99


état 73

   63 Instruction: tPRINTF tOP tVAR $@23 . tCP tVIRG Instruction

    tCP  décalage et aller à l'état 100


état 74

   53 Instruction: Type tVAR tCOMMA $@18 . Liste

    tVAR  décalage et aller à l'état 101

    Liste  aller à l'état 102


état 75

   51 Instruction: Type tVAR tVIRG $@17 . Instruction

    tIF      décalage et aller à l'état 15
    tDO      décalage et aller à l'état 16
    tVAR     décalage et aller à l'état 17
    tINT     décalage et aller à l'état 18
    tVOID    décalage et aller à l'état 19
    tCHAR    décalage et aller à l'état 20
    tFLOAT   décalage et aller à l'état 21
    tCONST   décalage et aller à l'état 22
    tRETURN  décalage et aller à l'état 23
    tPRINTF  décalage et aller à l'état 24

    $défaut  réduction par utilisation de la règle 68 (Instruction)

    Type         aller à l'état 25
    If           aller à l'état 26
    Instruction  aller à l'état 103


état 76

   43 Instruction: Type tVAR tEGAL $@11 . Expression tVIRG $@12 Instruction

    tOP         décalage et aller à l'état 58
    tVAR        décalage et aller à l'état 59
    tINT_VAL    décalage et aller à l'état 60
    tFLOAT_VAL  décalage et aller à l'état 61
    tCHAR_VAL   décalage et aller à l'état 62
    tMOINS      décalage et aller à l'état 63
    tNOT        décalage et aller à l'état 64

    Expression  aller à l'état 104


état 77

   46 Instruction: Type tCONST tVAR tEGAL . $@13 Expression tVIRG $@14 Instruction

    $défaut  réduction par utilisation de la règle 44 ($@13)

    $@13  aller à l'état 105


état 78

   34 Else: tELSE $@6 Body .

    $défaut  réduction par utilisation de la règle 34 (Else)


état 79

   12 Expression: Expression . tPLUS Expression
   13           | Expression . tMOINS Expression
   14           | Expression . tFOIS Expression
   15           | Expression . tDIVISE Expression
   16           | Expression . tCOMPARAISON Expression
   17           | Expression . tINFSTRICT Expression
   18           | Expression . tSUPSTRICT Expression
   19           | Expression . tSUPEGAL Expression
   20           | Expression . tINFEGAL Expression
   21           | Expression . tDIFF Expression
   24           | tOP Expression . tCP

    tCP           décalage et aller à l'état 106
    tMOINS        décalage et aller à l'état 83
    tPLUS         décalage et aller à l'état 84
    tDIVISE       décalage et aller à l'état 85
    tFOIS         décalage et aller à l'état 86
    tSUPSTRICT    décalage et aller à l'état 87
    tINFSTRICT    décalage et aller à l'état 88
    tCOMPARAISON  décalage et aller à l'état 89
    tDIFF         décalage et aller à l'état 90
    tINFEGAL      décalage et aller à l'état 91
    tSUPEGAL      décalage et aller à l'état 92


état 80

   12 Expression: Expression . tPLUS Expression
   13           | Expression . tMOINS Expression
   14           | Expression . tFOIS Expression
   15           | Expression . tDIVISE Expression
   16           | Expression . tCOMPARAISON Expression
   17           | Expression . tINFSTRICT Expression
   18           | Expression . tSUPSTRICT Expression
   19           | Expression . tSUPEGAL Expression
   20           | Expression . tINFEGAL Expression
   21           | Expression . tDIFF Expression
   23           | tMOINS Expression .

    tSUPSTRICT    décalage et aller à l'état 87
    tINFSTRICT    décalage et aller à l'état 88
    tCOMPARAISON  décalage et aller à l'état 89
    tDIFF         décalage et aller à l'état 90
    tINFEGAL      décalage et aller à l'état 91
    tSUPEGAL      décalage et aller à l'état 92

    $défaut  réduction par utilisation de la règle 23 (Expression)


état 81

   12 Expression: Expression . tPLUS Expression
   13           | Expression . tMOINS Expression
   14           | Expression . tFOIS Expression
   15           | Expression . tDIVISE Expression
   16           | Expression . tCOMPARAISON Expression
   17           | Expression . tINFSTRICT Expression
   18           | Expression . tSUPSTRICT Expression
   19           | Expression . tSUPEGAL Expression
   20           | Expression . tINFEGAL Expression
   21           | Expression . tDIFF Expression
   22           | tNOT Expression .

    $défaut  réduction par utilisation de la règle 22 (Expression)


état 82

   32 If: tIF tOP $@4 Expression tCP . $@5 Body

    $défaut  réduction par utilisation de la règle 31 ($@5)

    $@5  aller à l'état 107


état 83

   13 Expression: Expression tMOINS . Expression

    tOP         décalage et aller à l'état 58
    tVAR        décalage et aller à l'état 59
    tINT_VAL    décalage et aller à l'état 60
    tFLOAT_VAL  décalage et aller à l'état 61
    tCHAR_VAL   décalage et aller à l'état 62
    tMOINS      décalage et aller à l'état 63
    tNOT        décalage et aller à l'état 64

    Expression  aller à l'état 108


état 84

   12 Expression: Expression tPLUS . Expression

    tOP         décalage et aller à l'état 58
    tVAR        décalage et aller à l'état 59
    tINT_VAL    décalage et aller à l'état 60
    tFLOAT_VAL  décalage et aller à l'état 61
    tCHAR_VAL   décalage et aller à l'état 62
    tMOINS      décalage et aller à l'état 63
    tNOT        décalage et aller à l'état 64

    Expression  aller à l'état 109


état 85

   15 Expression: Expression tDIVISE . Expression

    tOP         décalage et aller à l'état 58
    tVAR        décalage et aller à l'état 59
    tINT_VAL    décalage et aller à l'état 60
    tFLOAT_VAL  décalage et aller à l'état 61
    tCHAR_VAL   décalage et aller à l'état 62
    tMOINS      décalage et aller à l'état 63
    tNOT        décalage et aller à l'état 64

    Expression  aller à l'état 110


état 86

   14 Expression: Expression tFOIS . Expression

    tOP         décalage et aller à l'état 58
    tVAR        décalage et aller à l'état 59
    tINT_VAL    décalage et aller à l'état 60
    tFLOAT_VAL  décalage et aller à l'état 61
    tCHAR_VAL   décalage et aller à l'état 62
    tMOINS      décalage et aller à l'état 63
    tNOT        décalage et aller à l'état 64

    Expression  aller à l'état 111


état 87

   18 Expression: Expression tSUPSTRICT . Expression

    tOP         décalage et aller à l'état 58
    tVAR        décalage et aller à l'état 59
    tINT_VAL    décalage et aller à l'état 60
    tFLOAT_VAL  décalage et aller à l'état 61
    tCHAR_VAL   décalage et aller à l'état 62
    tMOINS      décalage et aller à l'état 63
    tNOT        décalage et aller à l'état 64

    Expression  aller à l'état 112


état 88

   17 Expression: Expression tINFSTRICT . Expression

    tOP         décalage et aller à l'état 58
    tVAR        décalage et aller à l'état 59
    tINT_VAL    décalage et aller à l'état 60
    tFLOAT_VAL  décalage et aller à l'état 61
    tCHAR_VAL   décalage et aller à l'état 62
    tMOINS      décalage et aller à l'état 63
    tNOT        décalage et aller à l'état 64

    Expression  aller à l'état 113


état 89

   16 Expression: Expression tCOMPARAISON . Expression

    tOP         décalage et aller à l'état 58
    tVAR        décalage et aller à l'état 59
    tINT_VAL    décalage et aller à l'état 60
    tFLOAT_VAL  décalage et aller à l'état 61
    tCHAR_VAL   décalage et aller à l'état 62
    tMOINS      décalage et aller à l'état 63
    tNOT        décalage et aller à l'état 64

    Expression  aller à l'état 114


état 90

   21 Expression: Expression tDIFF . Expression

    tOP         décalage et aller à l'état 58
    tVAR        décalage et aller à l'état 59
    tINT_VAL    décalage et aller à l'état 60
    tFLOAT_VAL  décalage et aller à l'état 61
    tCHAR_VAL   décalage et aller à l'état 62
    tMOINS      décalage et aller à l'état 63
    tNOT        décalage et aller à l'état 64

    Expression  aller à l'état 115


état 91

   20 Expression: Expression tINFEGAL . Expression

    tOP         décalage et aller à l'état 58
    tVAR        décalage et aller à l'état 59
    tINT_VAL    décalage et aller à l'état 60
    tFLOAT_VAL  décalage et aller à l'état 61
    tCHAR_VAL   décalage et aller à l'état 62
    tMOINS      décalage et aller à l'état 63
    tNOT        décalage et aller à l'état 64

    Expression  aller à l'état 116


état 92

   19 Expression: Expression tSUPEGAL . Expression

    tOP         décalage et aller à l'état 58
    tVAR        décalage et aller à l'état 59
    tINT_VAL    décalage et aller à l'état 60
    tFLOAT_VAL  décalage et aller à l'état 61
    tCHAR_VAL   décalage et aller à l'état 62
    tMOINS      décalage et aller à l'état 63
    tNOT        décalage et aller à l'état 64

    Expression  aller à l'état 117


état 93

   61 Instruction: tDO $@21 Body tWHILE tOP . Expression tCP $@22 tVIRG Instruction

    tOP         décalage et aller à l'état 58
    tVAR        décalage et aller à l'état 59
    tINT_VAL    décalage et aller à l'état 60
    tFLOAT_VAL  décalage et aller à l'état 61
    tCHAR_VAL   décalage et aller à l'état 62
    tMOINS      décalage et aller à l'état 63
    tNOT        décalage et aller à l'état 64

    Expression  aller à l'état 118


état 94

   40 Instruction: tVAR tMOINS tMOINS tVIRG $@9 . $@10 Instruction

    $défaut  réduction par utilisation de la règle 39 ($@10)

    $@10  aller à l'état 119


état 95

   37 Instruction: tVAR tPLUS tPLUS tVIRG $@7 . $@8 Instruction

    $défaut  réduction par utilisation de la règle 36 ($@8)

    $@8  aller à l'état 120


état 96

   56 Instruction: tVAR tEGAL $@19 Expression tVIRG . $@20 Instruction

    $défaut  réduction par utilisation de la règle 55 ($@20)

    $@20  aller à l'état 121


état 97

   49 Instruction: tCONST Type tVAR tEGAL $@15 . Expression tVIRG $@16 Instruction

    tOP         décalage et aller à l'état 58
    tVAR        décalage et aller à l'état 59
    tINT_VAL    décalage et aller à l'état 60
    tFLOAT_VAL  décalage et aller à l'état 61
    tCHAR_VAL   décalage et aller à l'état 62
    tMOINS      décalage et aller à l'état 63
    tNOT        décalage et aller à l'état 64

    Expression  aller à l'état 122


état 98

   65 Instruction: tRETURN tVAR tVIRG @24 Instruction .

    $défaut  réduction par utilisation de la règle 65 (Instruction)


état 99

   67 Instruction: tRETURN tINT_VAL tVIRG @25 Instruction .

    $défaut  réduction par utilisation de la règle 67 (Instruction)


état 100

   63 Instruction: tPRINTF tOP tVAR $@23 tCP . tVIRG Instruction

    tVIRG  décalage et aller à l'état 123


état 101

   27 Liste: tVAR . tCOMMA $@2 Liste
   29      | tVAR . tVIRG $@3 Instruction

    tCOMMA  décalage et aller à l'état 124
    tVIRG   décalage et aller à l'état 125


état 102

   53 Instruction: Type tVAR tCOMMA $@18 Liste .

    $défaut  réduction par utilisation de la règle 53 (Instruction)


état 103

   51 Instruction: Type tVAR tVIRG $@17 Instruction .

    $défaut  réduction par utilisation de la règle 51 (Instruction)


état 104

   12 Expression: Expression . tPLUS Expression
   13           | Expression . tMOINS Expression
   14           | Expression . tFOIS Expression
   15           | Expression . tDIVISE Expression
   16           | Expression . tCOMPARAISON Expression
   17           | Expression . tINFSTRICT Expression
   18           | Expression . tSUPSTRICT Expression
   19           | Expression . tSUPEGAL Expression
   20           | Expression . tINFEGAL Expression
   21           | Expression . tDIFF Expression
   43 Instruction: Type tVAR tEGAL $@11 Expression . tVIRG $@12 Instruction

    tVIRG         décalage et aller à l'état 126
    tMOINS        décalage et aller à l'état 83
    tPLUS         décalage et aller à l'état 84
    tDIVISE       décalage et aller à l'état 85
    tFOIS         décalage et aller à l'état 86
    tSUPSTRICT    décalage et aller à l'état 87
    tINFSTRICT    décalage et aller à l'état 88
    tCOMPARAISON  décalage et aller à l'état 89
    tDIFF         décalage et aller à l'état 90
    tINFEGAL      décalage et aller à l'état 91
    tSUPEGAL      décalage et aller à l'état 92


état 105

   46 Instruction: Type tCONST tVAR tEGAL $@13 . Expression tVIRG $@14 Instruction

    tOP         décalage et aller à l'état 58
    tVAR        décalage et aller à l'état 59
    tINT_VAL    décalage et aller à l'état 60
    tFLOAT_VAL  décalage et aller à l'état 61
    tCHAR_VAL   décalage et aller à l'état 62
    tMOINS      décalage et aller à l'état 63
    tNOT        décalage et aller à l'état 64

    Expression  aller à l'état 127


état 106

   24 Expression: tOP Expression tCP .

    $défaut  réduction par utilisation de la règle 24 (Expression)


état 107

   32 If: tIF tOP $@4 Expression tCP $@5 . Body

    tOB  décalage et aller à l'état 12

    Body  aller à l'état 128


état 108

   12 Expression: Expression . tPLUS Expression
   13           | Expression . tMOINS Expression
   13           | Expression tMOINS Expression .
   14           | Expression . tFOIS Expression
   15           | Expression . tDIVISE Expression
   16           | Expression . tCOMPARAISON Expression
   17           | Expression . tINFSTRICT Expression
   18           | Expression . tSUPSTRICT Expression
   19           | Expression . tSUPEGAL Expression
   20           | Expression . tINFEGAL Expression
   21           | Expression . tDIFF Expression

    tDIVISE       décalage et aller à l'état 85
    tFOIS         décalage et aller à l'état 86
    tSUPSTRICT    décalage et aller à l'état 87
    tINFSTRICT    décalage et aller à l'état 88
    tCOMPARAISON  décalage et aller à l'état 89
    tDIFF         décalage et aller à l'état 90
    tINFEGAL      décalage et aller à l'état 91
    tSUPEGAL      décalage et aller à l'état 92

    $défaut  réduction par utilisation de la règle 13 (Expression)


état 109

   12 Expression: Expression . tPLUS Expression
   12           | Expression tPLUS Expression .
   13           | Expression . tMOINS Expression
   14           | Expression . tFOIS Expression
   15           | Expression . tDIVISE Expression
   16           | Expression . tCOMPARAISON Expression
   17           | Expression . tINFSTRICT Expression
   18           | Expression . tSUPSTRICT Expression
   19           | Expression . tSUPEGAL Expression
   20           | Expression . tINFEGAL Expression
   21           | Expression . tDIFF Expression

    tDIVISE       décalage et aller à l'état 85
    tFOIS         décalage et aller à l'état 86
    tSUPSTRICT    décalage et aller à l'état 87
    tINFSTRICT    décalage et aller à l'état 88
    tCOMPARAISON  décalage et aller à l'état 89
    tDIFF         décalage et aller à l'état 90
    tINFEGAL      décalage et aller à l'état 91
    tSUPEGAL      décalage et aller à l'état 92

    $défaut  réduction par utilisation de la règle 12 (Expression)


état 110

   12 Expression: Expression . tPLUS Expression
   13           | Expression . tMOINS Expression
   14           | Expression . tFOIS Expression
   15           | Expression . tDIVISE Expression
   15           | Expression tDIVISE Expression .
   16           | Expression . tCOMPARAISON Expression
   17           | Expression . tINFSTRICT Expression
   18           | Expression . tSUPSTRICT Expression
   19           | Expression . tSUPEGAL Expression
   20           | Expression . tINFEGAL Expression
   21           | Expression . tDIFF Expression

    tSUPSTRICT    décalage et aller à l'état 87
    tINFSTRICT    décalage et aller à l'état 88
    tCOMPARAISON  décalage et aller à l'état 89
    tDIFF         décalage et aller à l'état 90
    tINFEGAL      décalage et aller à l'état 91
    tSUPEGAL      décalage et aller à l'état 92

    $défaut  réduction par utilisation de la règle 15 (Expression)


état 111

   12 Expression: Expression . tPLUS Expression
   13           | Expression . tMOINS Expression
   14           | Expression . tFOIS Expression
   14           | Expression tFOIS Expression .
   15           | Expression . tDIVISE Expression
   16           | Expression . tCOMPARAISON Expression
   17           | Expression . tINFSTRICT Expression
   18           | Expression . tSUPSTRICT Expression
   19           | Expression . tSUPEGAL Expression
   20           | Expression . tINFEGAL Expression
   21           | Expression . tDIFF Expression

    tSUPSTRICT    décalage et aller à l'état 87
    tINFSTRICT    décalage et aller à l'état 88
    tCOMPARAISON  décalage et aller à l'état 89
    tDIFF         décalage et aller à l'état 90
    tINFEGAL      décalage et aller à l'état 91
    tSUPEGAL      décalage et aller à l'état 92

    $défaut  réduction par utilisation de la règle 14 (Expression)


état 112

   12 Expression: Expression . tPLUS Expression
   13           | Expression . tMOINS Expression
   14           | Expression . tFOIS Expression
   15           | Expression . tDIVISE Expression
   16           | Expression . tCOMPARAISON Expression
   17           | Expression . tINFSTRICT Expression
   18           | Expression . tSUPSTRICT Expression
   18           | Expression tSUPSTRICT Expression .
   19           | Expression . tSUPEGAL Expression
   20           | Expression . tINFEGAL Expression
   21           | Expression . tDIFF Expression

    tDIFF     décalage et aller à l'état 90
    tINFEGAL  décalage et aller à l'état 91
    tSUPEGAL  décalage et aller à l'état 92

    $défaut  réduction par utilisation de la règle 18 (Expression)


état 113

   12 Expression: Expression . tPLUS Expression
   13           | Expression . tMOINS Expression
   14           | Expression . tFOIS Expression
   15           | Expression . tDIVISE Expression
   16           | Expression . tCOMPARAISON Expression
   17           | Expression . tINFSTRICT Expression
   17           | Expression tINFSTRICT Expression .
   18           | Expression . tSUPSTRICT Expression
   19           | Expression . tSUPEGAL Expression
   20           | Expression . tINFEGAL Expression
   21           | Expression . tDIFF Expression

    tDIFF     décalage et aller à l'état 90
    tINFEGAL  décalage et aller à l'état 91
    tSUPEGAL  décalage et aller à l'état 92

    $défaut  réduction par utilisation de la règle 17 (Expression)


état 114

   12 Expression: Expression . tPLUS Expression
   13           | Expression . tMOINS Expression
   14           | Expression . tFOIS Expression
   15           | Expression . tDIVISE Expression
   16           | Expression . tCOMPARAISON Expression
   16           | Expression tCOMPARAISON Expression .
   17           | Expression . tINFSTRICT Expression
   18           | Expression . tSUPSTRICT Expression
   19           | Expression . tSUPEGAL Expression
   20           | Expression . tINFEGAL Expression
   21           | Expression . tDIFF Expression

    tDIFF     décalage et aller à l'état 90
    tINFEGAL  décalage et aller à l'état 91
    tSUPEGAL  décalage et aller à l'état 92

    $défaut  réduction par utilisation de la règle 16 (Expression)


état 115

   12 Expression: Expression . tPLUS Expression
   13           | Expression . tMOINS Expression
   14           | Expression . tFOIS Expression
   15           | Expression . tDIVISE Expression
   16           | Expression . tCOMPARAISON Expression
   17           | Expression . tINFSTRICT Expression
   18           | Expression . tSUPSTRICT Expression
   19           | Expression . tSUPEGAL Expression
   20           | Expression . tINFEGAL Expression
   21           | Expression . tDIFF Expression
   21           | Expression tDIFF Expression .

    $défaut  réduction par utilisation de la règle 21 (Expression)


état 116

   12 Expression: Expression . tPLUS Expression
   13           | Expression . tMOINS Expression
   14           | Expression . tFOIS Expression
   15           | Expression . tDIVISE Expression
   16           | Expression . tCOMPARAISON Expression
   17           | Expression . tINFSTRICT Expression
   18           | Expression . tSUPSTRICT Expression
   19           | Expression . tSUPEGAL Expression
   20           | Expression . tINFEGAL Expression
   20           | Expression tINFEGAL Expression .
   21           | Expression . tDIFF Expression

    $défaut  réduction par utilisation de la règle 20 (Expression)


état 117

   12 Expression: Expression . tPLUS Expression
   13           | Expression . tMOINS Expression
   14           | Expression . tFOIS Expression
   15           | Expression . tDIVISE Expression
   16           | Expression . tCOMPARAISON Expression
   17           | Expression . tINFSTRICT Expression
   18           | Expression . tSUPSTRICT Expression
   19           | Expression . tSUPEGAL Expression
   19           | Expression tSUPEGAL Expression .
   20           | Expression . tINFEGAL Expression
   21           | Expression . tDIFF Expression

    $défaut  réduction par utilisation de la règle 19 (Expression)


état 118

   12 Expression: Expression . tPLUS Expression
   13           | Expression . tMOINS Expression
   14           | Expression . tFOIS Expression
   15           | Expression . tDIVISE Expression
   16           | Expression . tCOMPARAISON Expression
   17           | Expression . tINFSTRICT Expression
   18           | Expression . tSUPSTRICT Expression
   19           | Expression . tSUPEGAL Expression
   20           | Expression . tINFEGAL Expression
   21           | Expression . tDIFF Expression
   61 Instruction: tDO $@21 Body tWHILE tOP Expression . tCP $@22 tVIRG Instruction

    tCP           décalage et aller à l'état 129
    tMOINS        décalage et aller à l'état 83
    tPLUS         décalage et aller à l'état 84
    tDIVISE       décalage et aller à l'état 85
    tFOIS         décalage et aller à l'état 86
    tSUPSTRICT    décalage et aller à l'état 87
    tINFSTRICT    décalage et aller à l'état 88
    tCOMPARAISON  décalage et aller à l'état 89
    tDIFF         décalage et aller à l'état 90
    tINFEGAL      décalage et aller à l'état 91
    tSUPEGAL      décalage et aller à l'état 92


état 119

   40 Instruction: tVAR tMOINS tMOINS tVIRG $@9 $@10 . Instruction

    tIF      décalage et aller à l'état 15
    tDO      décalage et aller à l'état 16
    tVAR     décalage et aller à l'état 17
    tINT     décalage et aller à l'état 18
    tVOID    décalage et aller à l'état 19
    tCHAR    décalage et aller à l'état 20
    tFLOAT   décalage et aller à l'état 21
    tCONST   décalage et aller à l'état 22
    tRETURN  décalage et aller à l'état 23
    tPRINTF  décalage et aller à l'état 24

    $défaut  réduction par utilisation de la règle 68 (Instruction)

    Type         aller à l'état 25
    If           aller à l'état 26
    Instruction  aller à l'état 130


état 120

   37 Instruction: tVAR tPLUS tPLUS tVIRG $@7 $@8 . Instruction

    tIF      décalage et aller à l'état 15
    tDO      décalage et aller à l'état 16
    tVAR     décalage et aller à l'état 17
    tINT     décalage et aller à l'état 18
    tVOID    décalage et aller à l'état 19
    tCHAR    décalage et aller à l'état 20
    tFLOAT   décalage et aller à l'état 21
    tCONST   décalage et aller à l'état 22
    tRETURN  décalage et aller à l'état 23
    tPRINTF  décalage et aller à l'état 24

    $défaut  réduction par utilisation de la règle 68 (Instruction)

    Type         aller à l'état 25
    If           aller à l'état 26
    Instruction  aller à l'état 131


état 121

   56 Instruction: tVAR tEGAL $@19 Expression tVIRG $@20 . Instruction

    tIF      décalage et aller à l'état 15
    tDO      décalage et aller à l'état 16
    tVAR     décalage et aller à l'état 17
    tINT     décalage et aller à l'état 18
    tVOID    décalage et aller à l'état 19
    tCHAR    décalage et aller à l'état 20
    tFLOAT   décalage et aller à l'état 21
    tCONST   décalage et aller à l'état 22
    tRETURN  décalage et aller à l'état 23
    tPRINTF  décalage et aller à l'état 24

    $défaut  réduction par utilisation de la règle 68 (Instruction)

    Type         aller à l'état 25
    If           aller à l'état 26
    Instruction  aller à l'état 132


état 122

   12 Expression: Expression . tPLUS Expression
   13           | Expression . tMOINS Expression
   14           | Expression . tFOIS Expression
   15           | Expression . tDIVISE Expression
   16           | Expression . tCOMPARAISON Expression
   17           | Expression . tINFSTRICT Expression
   18           | Expression . tSUPSTRICT Expression
   19           | Expression . tSUPEGAL Expression
   20           | Expression . tINFEGAL Expression
   21           | Expression . tDIFF Expression
   49 Instruction: tCONST Type tVAR tEGAL $@15 Expression . tVIRG $@16 Instruction

    tVIRG         décalage et aller à l'état 133
    tMOINS        décalage et aller à l'état 83
    tPLUS         décalage et aller à l'état 84
    tDIVISE       décalage et aller à l'état 85
    tFOIS         décalage et aller à l'état 86
    tSUPSTRICT    décalage et aller à l'état 87
    tINFSTRICT    décalage et aller à l'état 88
    tCOMPARAISON  décalage et aller à l'état 89
    tDIFF         décalage et aller à l'état 90
    tINFEGAL      décalage et aller à l'état 91
    tSUPEGAL      décalage et aller à l'état 92


état 123

   63 Instruction: tPRINTF tOP tVAR $@23 tCP tVIRG . Instruction

    tIF      décalage et aller à l'état 15
    tDO      décalage et aller à l'état 16
    tVAR     décalage et aller à l'état 17
    tINT     décalage et aller à l'état 18
    tVOID    décalage et aller à l'état 19
    tCHAR    décalage et aller à l'état 20
    tFLOAT   décalage et aller à l'état 21
    tCONST   décalage et aller à l'état 22
    tRETURN  décalage et aller à l'état 23
    tPRINTF  décalage et aller à l'état 24

    $défaut  réduction par utilisation de la règle 68 (Instruction)

    Type         aller à l'état 25
    If           aller à l'état 26
    Instruction  aller à l'état 134


état 124

   27 Liste: tVAR tCOMMA . $@2 Liste

    $défaut  réduction par utilisation de la règle 26 ($@2)

    $@2  aller à l'état 135


état 125

   29 Liste: tVAR tVIRG . $@3 Instruction

    $défaut  réduction par utilisation de la règle 28 ($@3)

    $@3  aller à l'état 136


état 126

   43 Instruction: Type tVAR tEGAL $@11 Expression tVIRG . $@12 Instruction

    $défaut  réduction par utilisation de la règle 42 ($@12)

    $@12  aller à l'état 137


état 127

   12 Expression: Expression . tPLUS Expression
   13           | Expression . tMOINS Expression
   14           | Expression . tFOIS Expression
   15           | Expression . tDIVISE Expression
   16           | Expression . tCOMPARAISON Expression
   17           | Expression . tINFSTRICT Expression
   18           | Expression . tSUPSTRICT Expression
   19           | Expression . tSUPEGAL Expression
   20           | Expression . tINFEGAL Expression
   21           | Expression . tDIFF Expression
   46 Instruction: Type tCONST tVAR tEGAL $@13 Expression . tVIRG $@14 Instruction

    tVIRG         décalage et aller à l'état 138
    tMOINS        décalage et aller à l'état 83
    tPLUS         décalage et aller à l'état 84
    tDIVISE       décalage et aller à l'état 85
    tFOIS         décalage et aller à l'état 86
    tSUPSTRICT    décalage et aller à l'état 87
    tINFSTRICT    décalage et aller à l'état 88
    tCOMPARAISON  décalage et aller à l'état 89
    tDIFF         décalage et aller à l'état 90
    tINFEGAL      décalage et aller à l'état 91
    tSUPEGAL      décalage et aller à l'état 92


état 128

   32 If: tIF tOP $@4 Expression tCP $@5 Body .

    $défaut  réduction par utilisation de la règle 32 (If)


état 129

   61 Instruction: tDO $@21 Body tWHILE tOP Expression tCP . $@22 tVIRG Instruction

    $défaut  réduction par utilisation de la règle 60 ($@22)

    $@22  aller à l'état 139


état 130

   40 Instruction: tVAR tMOINS tMOINS tVIRG $@9 $@10 Instruction .

    $défaut  réduction par utilisation de la règle 40 (Instruction)


état 131

   37 Instruction: tVAR tPLUS tPLUS tVIRG $@7 $@8 Instruction .

    $défaut  réduction par utilisation de la règle 37 (Instruction)


état 132

   56 Instruction: tVAR tEGAL $@19 Expression tVIRG $@20 Instruction .

    $défaut  réduction par utilisation de la règle 56 (Instruction)


état 133

   49 Instruction: tCONST Type tVAR tEGAL $@15 Expression tVIRG . $@16 Instruction

    $défaut  réduction par utilisation de la règle 48 ($@16)

    $@16  aller à l'état 140


état 134

   63 Instruction: tPRINTF tOP tVAR $@23 tCP tVIRG Instruction .

    $défaut  réduction par utilisation de la règle 63 (Instruction)


état 135

   27 Liste: tVAR tCOMMA $@2 . Liste

    tVAR  décalage et aller à l'état 101

    Liste  aller à l'état 141


état 136

   29 Liste: tVAR tVIRG $@3 . Instruction

    tIF      décalage et aller à l'état 15
    tDO      décalage et aller à l'état 16
    tVAR     décalage et aller à l'état 17
    tINT     décalage et aller à l'état 18
    tVOID    décalage et aller à l'état 19
    tCHAR    décalage et aller à l'état 20
    tFLOAT   décalage et aller à l'état 21
    tCONST   décalage et aller à l'état 22
    tRETURN  décalage et aller à l'état 23
    tPRINTF  décalage et aller à l'état 24

    $défaut  réduction par utilisation de la règle 68 (Instruction)

    Type         aller à l'état 25
    If           aller à l'état 26
    Instruction  aller à l'état 142


état 137

   43 Instruction: Type tVAR tEGAL $@11 Expression tVIRG $@12 . Instruction

    tIF      décalage et aller à l'état 15
    tDO      décalage et aller à l'état 16
    tVAR     décalage et aller à l'état 17
    tINT     décalage et aller à l'état 18
    tVOID    décalage et aller à l'état 19
    tCHAR    décalage et aller à l'état 20
    tFLOAT   décalage et aller à l'état 21
    tCONST   décalage et aller à l'état 22
    tRETURN  décalage et aller à l'état 23
    tPRINTF  décalage et aller à l'état 24

    $défaut  réduction par utilisation de la règle 68 (Instruction)

    Type         aller à l'état 25
    If           aller à l'état 26
    Instruction  aller à l'état 143


état 138

   46 Instruction: Type tCONST tVAR tEGAL $@13 Expression tVIRG . $@14 Instruction

    $défaut  réduction par utilisation de la règle 45 ($@14)

    $@14  aller à l'état 144


état 139

   61 Instruction: tDO $@21 Body tWHILE tOP Expression tCP $@22 . tVIRG Instruction

    tVIRG  décalage et aller à l'état 145


état 140

   49 Instruction: tCONST Type tVAR tEGAL $@15 Expression tVIRG $@16 . Instruction

    tIF      décalage et aller à l'état 15
    tDO      décalage et aller à l'état 16
    tVAR     décalage et aller à l'état 17
    tINT     décalage et aller à l'état 18
    tVOID    décalage et aller à l'état 19
    tCHAR    décalage et aller à l'état 20
    tFLOAT   décalage et aller à l'état 21
    tCONST   décalage et aller à l'état 22
    tRETURN  décalage et aller à l'état 23
    tPRINTF  décalage et aller à l'état 24

    $défaut  réduction par utilisation de la règle 68 (Instruction)

    Type         aller à l'état 25
    If           aller à l'état 26
    Instruction  aller à l'état 146


état 141

   27 Liste: tVAR tCOMMA $@2 Liste .

    $défaut  réduction par utilisation de la règle 27 (Liste)


état 142

   29 Liste: tVAR tVIRG $@3 Instruction .

    $défaut  réduction par utilisation de la règle 29 (Liste)


état 143

   43 Instruction: Type tVAR tEGAL $@11 Expression tVIRG $@12 Instruction .

    $défaut  réduction par utilisation de la règle 43 (Instruction)


état 144

   46 Instruction: Type tCONST tVAR tEGAL $@13 Expression tVIRG $@14 . Instruction

    tIF      décalage et aller à l'état 15
    tDO      décalage et aller à l'état 16
    tVAR     décalage et aller à l'état 17
    tINT     décalage et aller à l'état 18
    tVOID    décalage et aller à l'état 19
    tCHAR    décalage et aller à l'état 20
    tFLOAT   décalage et aller à l'état 21
    tCONST   décalage et aller à l'état 22
    tRETURN  décalage et aller à l'état 23
    tPRINTF  décalage et aller à l'état 24

    $défaut  réduction par utilisation de la règle 68 (Instruction)

    Type         aller à l'état 25
    If           aller à l'état 26
    Instruction  aller à l'état 147


état 145

   61 Instruction: tDO $@21 Body tWHILE tOP Expression tCP $@22 tVIRG . Instruction

    tIF      décalage et aller à l'état 15
    tDO      décalage et aller à l'état 16
    tVAR     décalage et aller à l'état 17
    tINT     décalage et aller à l'état 18
    tVOID    décalage et aller à l'état 19
    tCHAR    décalage et aller à l'état 20
    tFLOAT   décalage et aller à l'état 21
    tCONST   décalage et aller à l'état 22
    tRETURN  décalage et aller à l'état 23
    tPRINTF  décalage et aller à l'état 24

    $défaut  réduction par utilisation de la règle 68 (Instruction)

    Type         aller à l'état 25
    If           aller à l'état 26
    Instruction  aller à l'état 148


état 146

   49 Instruction: tCONST Type tVAR tEGAL $@15 Expression tVIRG $@16 Instruction .

    $défaut  réduction par utilisation de la règle 49 (Instruction)


état 147

   46 Instruction: Type tCONST tVAR tEGAL $@13 Expression tVIRG $@14 Instruction .

    $défaut  réduction par utilisation de la règle 46 (Instruction)


état 148

   61 Instruction: tDO $@21 Body tWHILE tOP Expression tCP $@22 tVIRG Instruction .

    $défaut  réduction par utilisation de la règle 61 (Instruction)
