Grammaire

    0 $accept: File $end

    1 File: Instructions

    2 Instructions: /* vide */
    3             | Instructions Instruction

    4 Instruction: tADD tNB tNB tNB
    5            | tMUL tNB tNB tNB
    6            | tSOU tNB tNB tNB
    7            | tDIV tNB tNB tNB
    8            | tCOP tNB tNB
    9            | tAFC tNB tNB
   10            | tJMP tNB
   11            | tJMF tNB tNB
   12            | tINF tNB tNB tNB
   13            | tSUP tNB tNB tNB
   14            | tEQU tNB tNB tNB
   15            | tPRI tNB
   16            | tRETURN tNB


Terminaux, suivis des règles où ils apparaissent

$end (0) 0
error (256)
tADD (258) 4
tMUL (259) 5
tSOU (260) 6
tDIV (261) 7
tCOP (262) 8
tAFC (263) 9
tJMP (264) 10
tJMF (265) 11
tINF (266) 12
tSUP (267) 13
tEQU (268) 14
tPRI (269) 15
tRETURN (270) 16
tNB (271) 4 5 6 7 8 9 10 11 12 13 14 15 16


Non-terminaux, suivis des règles où ils apparaissent

$accept (17)
    à gauche: 0
File (18)
    à gauche: 1, à droite: 0
Instructions (19)
    à gauche: 2 3, à droite: 1 3
Instruction (20)
    à gauche: 4 5 6 7 8 9 10 11 12 13 14 15 16, à droite: 3


état 0

    0 $accept: . File $end

    $défaut  réduction par utilisation de la règle 2 (Instructions)

    File          aller à l'état 1
    Instructions  aller à l'état 2


état 1

    0 $accept: File . $end

    $end  décalage et aller à l'état 3


état 2

    1 File: Instructions .
    3 Instructions: Instructions . Instruction

    tADD     décalage et aller à l'état 4
    tMUL     décalage et aller à l'état 5
    tSOU     décalage et aller à l'état 6
    tDIV     décalage et aller à l'état 7
    tCOP     décalage et aller à l'état 8
    tAFC     décalage et aller à l'état 9
    tJMP     décalage et aller à l'état 10
    tJMF     décalage et aller à l'état 11
    tINF     décalage et aller à l'état 12
    tSUP     décalage et aller à l'état 13
    tEQU     décalage et aller à l'état 14
    tPRI     décalage et aller à l'état 15
    tRETURN  décalage et aller à l'état 16

    $défaut  réduction par utilisation de la règle 1 (File)

    Instruction  aller à l'état 17


état 3

    0 $accept: File $end .

    $défaut  accepter


état 4

    4 Instruction: tADD . tNB tNB tNB

    tNB  décalage et aller à l'état 18


état 5

    5 Instruction: tMUL . tNB tNB tNB

    tNB  décalage et aller à l'état 19


état 6

    6 Instruction: tSOU . tNB tNB tNB

    tNB  décalage et aller à l'état 20


état 7

    7 Instruction: tDIV . tNB tNB tNB

    tNB  décalage et aller à l'état 21


état 8

    8 Instruction: tCOP . tNB tNB

    tNB  décalage et aller à l'état 22


état 9

    9 Instruction: tAFC . tNB tNB

    tNB  décalage et aller à l'état 23


état 10

   10 Instruction: tJMP . tNB

    tNB  décalage et aller à l'état 24


état 11

   11 Instruction: tJMF . tNB tNB

    tNB  décalage et aller à l'état 25


état 12

   12 Instruction: tINF . tNB tNB tNB

    tNB  décalage et aller à l'état 26


état 13

   13 Instruction: tSUP . tNB tNB tNB

    tNB  décalage et aller à l'état 27


état 14

   14 Instruction: tEQU . tNB tNB tNB

    tNB  décalage et aller à l'état 28


état 15

   15 Instruction: tPRI . tNB

    tNB  décalage et aller à l'état 29


état 16

   16 Instruction: tRETURN . tNB

    tNB  décalage et aller à l'état 30


état 17

    3 Instructions: Instructions Instruction .

    $défaut  réduction par utilisation de la règle 3 (Instructions)


état 18

    4 Instruction: tADD tNB . tNB tNB

    tNB  décalage et aller à l'état 31


état 19

    5 Instruction: tMUL tNB . tNB tNB

    tNB  décalage et aller à l'état 32


état 20

    6 Instruction: tSOU tNB . tNB tNB

    tNB  décalage et aller à l'état 33


état 21

    7 Instruction: tDIV tNB . tNB tNB

    tNB  décalage et aller à l'état 34


état 22

    8 Instruction: tCOP tNB . tNB

    tNB  décalage et aller à l'état 35


état 23

    9 Instruction: tAFC tNB . tNB

    tNB  décalage et aller à l'état 36


état 24

   10 Instruction: tJMP tNB .

    $défaut  réduction par utilisation de la règle 10 (Instruction)


état 25

   11 Instruction: tJMF tNB . tNB

    tNB  décalage et aller à l'état 37


état 26

   12 Instruction: tINF tNB . tNB tNB

    tNB  décalage et aller à l'état 38


état 27

   13 Instruction: tSUP tNB . tNB tNB

    tNB  décalage et aller à l'état 39


état 28

   14 Instruction: tEQU tNB . tNB tNB

    tNB  décalage et aller à l'état 40


état 29

   15 Instruction: tPRI tNB .

    $défaut  réduction par utilisation de la règle 15 (Instruction)


état 30

   16 Instruction: tRETURN tNB .

    $défaut  réduction par utilisation de la règle 16 (Instruction)


état 31

    4 Instruction: tADD tNB tNB . tNB

    tNB  décalage et aller à l'état 41


état 32

    5 Instruction: tMUL tNB tNB . tNB

    tNB  décalage et aller à l'état 42


état 33

    6 Instruction: tSOU tNB tNB . tNB

    tNB  décalage et aller à l'état 43


état 34

    7 Instruction: tDIV tNB tNB . tNB

    tNB  décalage et aller à l'état 44


état 35

    8 Instruction: tCOP tNB tNB .

    $défaut  réduction par utilisation de la règle 8 (Instruction)


état 36

    9 Instruction: tAFC tNB tNB .

    $défaut  réduction par utilisation de la règle 9 (Instruction)


état 37

   11 Instruction: tJMF tNB tNB .

    $défaut  réduction par utilisation de la règle 11 (Instruction)


état 38

   12 Instruction: tINF tNB tNB . tNB

    tNB  décalage et aller à l'état 45


état 39

   13 Instruction: tSUP tNB tNB . tNB

    tNB  décalage et aller à l'état 46


état 40

   14 Instruction: tEQU tNB tNB . tNB

    tNB  décalage et aller à l'état 47


état 41

    4 Instruction: tADD tNB tNB tNB .

    $défaut  réduction par utilisation de la règle 4 (Instruction)


état 42

    5 Instruction: tMUL tNB tNB tNB .

    $défaut  réduction par utilisation de la règle 5 (Instruction)


état 43

    6 Instruction: tSOU tNB tNB tNB .

    $défaut  réduction par utilisation de la règle 6 (Instruction)


état 44

    7 Instruction: tDIV tNB tNB tNB .

    $défaut  réduction par utilisation de la règle 7 (Instruction)


état 45

   12 Instruction: tINF tNB tNB tNB .

    $défaut  réduction par utilisation de la règle 12 (Instruction)


état 46

   13 Instruction: tSUP tNB tNB tNB .

    $défaut  réduction par utilisation de la règle 13 (Instruction)


état 47

   14 Instruction: tEQU tNB tNB tNB .

    $défaut  réduction par utilisation de la règle 14 (Instruction)
